<?xml version="1.0" encoding="UTF-8"?>
<!-- Generated by org.testng.reporters.JUnitXMLReporter -->
<testsuite hostname="DESKTOP-ORDO64L" failures="1" tests="1" name="Test" time="12.267" errors="0" timestamp="31 Dec 2021 07:25:27 GMT">
  <testcase classname="com.model1.KiteLoginTC01" name="verifyusername" time="0.096">
    <failure type="java.lang.AssertionError" message="expected [abcd] but found [DV1510]">
      <![CDATA[java.lang.AssertionError: expected [abcd] but found [DV1510]
	at com.model1.KiteLoginTC01.verifyusername(KiteLoginTC01.java:34)
... Removed 30 stack frames]]>
    </failure>
  </testcase> <!-- verifyusername -->
</testsuite> <!-- Test -->
